2022-04-23 15:26:09,651 [Worker-5: Loading available Gradle versions] INFO  o.e.b.c.i.u.g.PublishedGradleVersions - Gradle version information cache is up-to-date. Trying to read.
2022-04-23 17:12:49,774 [Worker-31: Enabling Maven Dependency Management] INFO  o.e.m.c.i.l.LifecycleMappingFactory - Using org.eclipse.m2e.jdt.JarLifecycleMapping lifecycle mapping for MavenProject: Entregable1:Entregable1:0.0.1-SNAPSHOT @ C:\Users\sebae\Desktop\TUDAI\3º AÑO-2º CUATRIMESTRE\ARQUITECTURAS WEB\TPEntregables\Entregable1\pom.xml.
2022-04-23 17:12:59,762 [Worker-38: Building] WARN  o.e.m.c.i.embedder.EclipseLogger - Using platform encoding (Cp1252 actually) to copy filtered resources, i.e. build is platform dependent!
2022-04-23 17:12:59,780 [Worker-38: Building] INFO  o.e.m.c.i.embedder.EclipseLogger - skip non existing resourceDirectory C:\Users\sebae\Desktop\TUDAI\3º AÑO-2º CUATRIMESTRE\ARQUITECTURAS WEB\TPEntregables\Entregable1\src\main\resources
2022-04-23 17:12:59,784 [Worker-38: Building] WARN  o.e.m.c.i.embedder.EclipseLogger - Using platform encoding (Cp1252 actually) to copy filtered resources, i.e. build is platform dependent!
2022-04-23 17:12:59,786 [Worker-38: Building] INFO  o.e.m.c.i.embedder.EclipseLogger - skip non existing resourceDirectory C:\Users\sebae\Desktop\TUDAI\3º AÑO-2º CUATRIMESTRE\ARQUITECTURAS WEB\TPEntregables\Entregable1\src\test\resources
2022-04-23 17:13:00,252 [Worker-31: Enabling Maven Dependency Management] INFO  o.e.m.j.i.AbstractJavaProjectConfigurator - Adding source folder /Entregable1/src
2022-04-23 17:13:00,254 [Worker-31: Enabling Maven Dependency Management] INFO  o.e.m.j.i.AbstractJavaProjectConfigurator - Not adding source folder /Entregable1/src/test/java because it overlaps with /Entregable1/src
2022-04-23 17:13:03,140 [Worker-31: Enabling Maven Dependency Management] INFO  o.e.m.c.i.p.ProjectConfigurationManager - Update started
2022-04-23 17:13:08,264 [Worker-31: Enabling Maven Dependency Management] INFO  o.e.m.c.i.l.LifecycleMappingFactory - Using org.eclipse.m2e.jdt.JarLifecycleMapping lifecycle mapping for MavenProject: Entregable1:Entregable1:0.0.1-SNAPSHOT @ C:\Users\sebae\Desktop\TUDAI\3º AÑO-2º CUATRIMESTRE\ARQUITECTURAS WEB\TPEntregables\Entregable1\pom.xml.
2022-04-23 17:13:13,109 [Worker-41: Building] WARN  o.e.m.c.i.embedder.EclipseLogger - Using platform encoding (Cp1252 actually) to copy filtered resources, i.e. build is platform dependent!
2022-04-23 17:13:13,111 [Worker-41: Building] INFO  o.e.m.c.i.embedder.EclipseLogger - skip non existing resourceDirectory C:\Users\sebae\Desktop\TUDAI\3º AÑO-2º CUATRIMESTRE\ARQUITECTURAS WEB\TPEntregables\Entregable1\src\main\resources
2022-04-23 17:13:13,115 [Worker-41: Building] WARN  o.e.m.c.i.embedder.EclipseLogger - Using platform encoding (Cp1252 actually) to copy filtered resources, i.e. build is platform dependent!
2022-04-23 17:13:13,117 [Worker-41: Building] INFO  o.e.m.c.i.embedder.EclipseLogger - skip non existing resourceDirectory C:\Users\sebae\Desktop\TUDAI\3º AÑO-2º CUATRIMESTRE\ARQUITECTURAS WEB\TPEntregables\Entregable1\src\test\resources
2022-04-23 17:13:13,187 [Worker-31: Enabling Maven Dependency Management] INFO  o.e.m.j.i.AbstractJavaProjectConfigurator - Adding source folder /Entregable1/src
2022-04-23 17:13:13,190 [Worker-31: Enabling Maven Dependency Management] INFO  o.e.m.j.i.AbstractJavaProjectConfigurator - Not adding source folder /Entregable1/src/test/java because it overlaps with /Entregable1/src
2022-04-23 17:13:13,878 [Worker-31: Enabling Maven Dependency Management] INFO  o.e.m.c.i.p.ProjectConfigurationManager - Update completed: 10 sec
2022-04-23 17:13:14,330 [Worker-43: Building] WARN  o.e.m.c.i.embedder.EclipseLogger - Using platform encoding (Cp1252 actually) to copy filtered resources, i.e. build is platform dependent!
2022-04-23 17:13:14,352 [Worker-43: Building] INFO  o.e.m.c.i.embedder.EclipseLogger - skip non existing resourceDirectory C:\Users\sebae\Desktop\TUDAI\3º AÑO-2º CUATRIMESTRE\ARQUITECTURAS WEB\TPEntregables\Entregable1\src\main\resources
2022-04-23 17:13:14,354 [Worker-43: Building] WARN  o.e.m.c.i.embedder.EclipseLogger - Using platform encoding (Cp1252 actually) to copy filtered resources, i.e. build is platform dependent!
2022-04-23 17:13:14,356 [Worker-43: Building] INFO  o.e.m.c.i.embedder.EclipseLogger - skip non existing resourceDirectory C:\Users\sebae\Desktop\TUDAI\3º AÑO-2º CUATRIMESTRE\ARQUITECTURAS WEB\TPEntregables\Entregable1\src\test\resources
2022-04-23 17:17:42,088 [Worker-39: Building] INFO  o.e.m.c.i.l.LifecycleMappingFactory - Using org.eclipse.m2e.jdt.JarLifecycleMapping lifecycle mapping for MavenProject: Entregable1:Entregable1:0.0.1-SNAPSHOT @ C:\Users\sebae\Desktop\TUDAI\3º AÑO-2º CUATRIMESTRE\ARQUITECTURAS WEB\TPEntregables\Entregable1\pom.xml.
2022-04-23 17:17:44,250 [Worker-39: Building] WARN  o.e.m.c.i.embedder.EclipseLogger - Using platform encoding (Cp1252 actually) to copy filtered resources, i.e. build is platform dependent!
2022-04-23 17:17:44,372 [Worker-39: Building] INFO  o.e.m.c.i.embedder.EclipseLogger - skip non existing resourceDirectory C:\Users\sebae\Desktop\TUDAI\3º AÑO-2º CUATRIMESTRE\ARQUITECTURAS WEB\TPEntregables\Entregable1\src\main\resources
2022-04-23 17:17:44,377 [Worker-39: Building] WARN  o.e.m.c.i.embedder.EclipseLogger - Using platform encoding (Cp1252 actually) to copy filtered resources, i.e. build is platform dependent!
2022-04-23 17:17:44,379 [Worker-39: Building] INFO  o.e.m.c.i.embedder.EclipseLogger - skip non existing resourceDirectory C:\Users\sebae\Desktop\TUDAI\3º AÑO-2º CUATRIMESTRE\ARQUITECTURAS WEB\TPEntregables\Entregable1\src\test\resources
2022-04-23 17:17:46,266 [Worker-45: Download sources and javadoc] INFO  o.e.m.c.i.e.AbstractTransferListenerAdapter - Downloading https://repo.maven.apache.org/maven2/org/apache/commons/commons-csv/1.9.0/commons-csv-1.9.0-sources.jar
2022-04-23 17:17:46,709 [Worker-45: Download sources and javadoc] INFO  o.e.m.c.i.e.AbstractTransferListenerAdapter - Downloaded https://repo.maven.apache.org/maven2/org/apache/commons/commons-csv/1.9.0/commons-csv-1.9.0-sources.jar
2022-04-23 17:17:46,719 [Worker-45: Download sources and javadoc] INFO  o.e.m.j.internal.DownloadSourcesJob - Downloaded sources for org.apache.commons:commons-csv:1.9.0
2022-04-23 17:17:48,016 [Worker-39: Building] WARN  o.e.m.c.i.embedder.EclipseLogger - Using platform encoding (Cp1252 actually) to copy filtered resources, i.e. build is platform dependent!
2022-04-23 17:17:48,018 [Worker-39: Building] INFO  o.e.m.c.i.embedder.EclipseLogger - skip non existing resourceDirectory C:\Users\sebae\Desktop\TUDAI\3º AÑO-2º CUATRIMESTRE\ARQUITECTURAS WEB\TPEntregables\Entregable1\src\main\resources
2022-04-23 17:17:48,021 [Worker-39: Building] WARN  o.e.m.c.i.embedder.EclipseLogger - Using platform encoding (Cp1252 actually) to copy filtered resources, i.e. build is platform dependent!
2022-04-23 17:17:48,023 [Worker-39: Building] INFO  o.e.m.c.i.embedder.EclipseLogger - skip non existing resourceDirectory C:\Users\sebae\Desktop\TUDAI\3º AÑO-2º CUATRIMESTRE\ARQUITECTURAS WEB\TPEntregables\Entregable1\src\test\resources
2022-04-23 17:19:29,862 [Worker-44: Building] WARN  o.e.m.c.i.embedder.EclipseLogger - Using platform encoding (Cp1252 actually) to copy filtered resources, i.e. build is platform dependent!
2022-04-23 17:19:29,866 [Worker-44: Building] INFO  o.e.m.c.i.embedder.EclipseLogger - skip non existing resourceDirectory C:\Users\sebae\Desktop\TUDAI\3º AÑO-2º CUATRIMESTRE\ARQUITECTURAS WEB\TPEntregables\Entregable1\src\main\resources
2022-04-23 17:19:29,869 [Worker-44: Building] WARN  o.e.m.c.i.embedder.EclipseLogger - Using platform encoding (Cp1252 actually) to copy filtered resources, i.e. build is platform dependent!
2022-04-23 17:19:29,871 [Worker-44: Building] INFO  o.e.m.c.i.embedder.EclipseLogger - skip non existing resourceDirectory C:\Users\sebae\Desktop\TUDAI\3º AÑO-2º CUATRIMESTRE\ARQUITECTURAS WEB\TPEntregables\Entregable1\src\test\resources
2022-04-23 17:22:03,398 [Worker-47: Building] WARN  o.e.m.c.i.embedder.EclipseLogger - Using platform encoding (Cp1252 actually) to copy filtered resources, i.e. build is platform dependent!
2022-04-23 17:22:03,551 [Worker-47: Building] INFO  o.e.m.c.i.embedder.EclipseLogger - skip non existing resourceDirectory C:\Users\sebae\Desktop\TUDAI\3º AÑO-2º CUATRIMESTRE\ARQUITECTURAS WEB\TPEntregables\Entregable1\src\main\resources
2022-04-23 17:22:03,554 [Worker-47: Building] WARN  o.e.m.c.i.embedder.EclipseLogger - Using platform encoding (Cp1252 actually) to copy filtered resources, i.e. build is platform dependent!
2022-04-23 17:22:03,556 [Worker-47: Building] INFO  o.e.m.c.i.embedder.EclipseLogger - skip non existing resourceDirectory C:\Users\sebae\Desktop\TUDAI\3º AÑO-2º CUATRIMESTRE\ARQUITECTURAS WEB\TPEntregables\Entregable1\src\test\resources
2022-04-23 17:38:54,400 [Worker-44: Building] WARN  o.e.m.c.i.embedder.EclipseLogger - Using platform encoding (Cp1252 actually) to copy filtered resources, i.e. build is platform dependent!
2022-04-23 17:38:54,658 [Worker-44: Building] INFO  o.e.m.c.i.embedder.EclipseLogger - skip non existing resourceDirectory C:\Users\sebae\Desktop\TUDAI\3º AÑO-2º CUATRIMESTRE\ARQUITECTURAS WEB\TPEntregables\Entregable1\src\main\resources
2022-04-23 17:38:54,709 [Worker-44: Building] WARN  o.e.m.c.i.embedder.EclipseLogger - Using platform encoding (Cp1252 actually) to copy filtered resources, i.e. build is platform dependent!
2022-04-23 17:38:54,711 [Worker-44: Building] INFO  o.e.m.c.i.embedder.EclipseLogger - skip non existing resourceDirectory C:\Users\sebae\Desktop\TUDAI\3º AÑO-2º CUATRIMESTRE\ARQUITECTURAS WEB\TPEntregables\Entregable1\src\test\resources
2022-04-23 17:39:22,616 [Worker-53: Building] WARN  o.e.m.c.i.embedder.EclipseLogger - Using platform encoding (Cp1252 actually) to copy filtered resources, i.e. build is platform dependent!
2022-04-23 17:39:22,618 [Worker-53: Building] INFO  o.e.m.c.i.embedder.EclipseLogger - skip non existing resourceDirectory C:\Users\sebae\Desktop\TUDAI\3º AÑO-2º CUATRIMESTRE\ARQUITECTURAS WEB\TPEntregables\Entregable1\src\main\resources
2022-04-23 17:39:22,621 [Worker-53: Building] WARN  o.e.m.c.i.embedder.EclipseLogger - Using platform encoding (Cp1252 actually) to copy filtered resources, i.e. build is platform dependent!
2022-04-23 17:39:22,625 [Worker-53: Building] INFO  o.e.m.c.i.embedder.EclipseLogger - skip non existing resourceDirectory C:\Users\sebae\Desktop\TUDAI\3º AÑO-2º CUATRIMESTRE\ARQUITECTURAS WEB\TPEntregables\Entregable1\src\test\resources
2022-04-23 17:42:10,790 [Worker-44: Building] WARN  o.e.m.c.i.embedder.EclipseLogger - Using platform encoding (Cp1252 actually) to copy filtered resources, i.e. build is platform dependent!
2022-04-23 17:42:10,792 [Worker-44: Building] INFO  o.e.m.c.i.embedder.EclipseLogger - skip non existing resourceDirectory C:\Users\sebae\Desktop\TUDAI\3º AÑO-2º CUATRIMESTRE\ARQUITECTURAS WEB\TPEntregables\Entregable1\src\main\resources
2022-04-23 17:42:10,819 [Worker-44: Building] WARN  o.e.m.c.i.embedder.EclipseLogger - Using platform encoding (Cp1252 actually) to copy filtered resources, i.e. build is platform dependent!
2022-04-23 17:42:10,821 [Worker-44: Building] INFO  o.e.m.c.i.embedder.EclipseLogger - skip non existing resourceDirectory C:\Users\sebae\Desktop\TUDAI\3º AÑO-2º CUATRIMESTRE\ARQUITECTURAS WEB\TPEntregables\Entregable1\src\test\resources
2022-04-23 18:33:24,364 [Worker-59: Building] WARN  o.e.m.c.i.embedder.EclipseLogger - Using platform encoding (Cp1252 actually) to copy filtered resources, i.e. build is platform dependent!
2022-04-23 18:33:24,585 [Worker-59: Building] INFO  o.e.m.c.i.embedder.EclipseLogger - skip non existing resourceDirectory C:\Users\sebae\Desktop\TUDAI\3º AÑO-2º CUATRIMESTRE\ARQUITECTURAS WEB\TPEntregables\Entregable1\src\main\resources
2022-04-23 18:33:24,587 [Worker-59: Building] WARN  o.e.m.c.i.embedder.EclipseLogger - Using platform encoding (Cp1252 actually) to copy filtered resources, i.e. build is platform dependent!
2022-04-23 18:33:24,589 [Worker-59: Building] INFO  o.e.m.c.i.embedder.EclipseLogger - skip non existing resourceDirectory C:\Users\sebae\Desktop\TUDAI\3º AÑO-2º CUATRIMESTRE\ARQUITECTURAS WEB\TPEntregables\Entregable1\src\test\resources
2022-04-23 18:33:42,093 [Worker-59: Building] WARN  o.e.m.c.i.embedder.EclipseLogger - Using platform encoding (Cp1252 actually) to copy filtered resources, i.e. build is platform dependent!
2022-04-23 18:33:42,095 [Worker-59: Building] INFO  o.e.m.c.i.embedder.EclipseLogger - skip non existing resourceDirectory C:\Users\sebae\Desktop\TUDAI\3º AÑO-2º CUATRIMESTRE\ARQUITECTURAS WEB\TPEntregables\Entregable1\src\main\resources
2022-04-23 18:33:42,099 [Worker-59: Building] WARN  o.e.m.c.i.embedder.EclipseLogger - Using platform encoding (Cp1252 actually) to copy filtered resources, i.e. build is platform dependent!
2022-04-23 18:33:42,103 [Worker-59: Building] INFO  o.e.m.c.i.embedder.EclipseLogger - skip non existing resourceDirectory C:\Users\sebae\Desktop\TUDAI\3º AÑO-2º CUATRIMESTRE\ARQUITECTURAS WEB\TPEntregables\Entregable1\src\test\resources
2022-04-23 18:37:04,327 [Worker-57: Building] WARN  o.e.m.c.i.embedder.EclipseLogger - Using platform encoding (Cp1252 actually) to copy filtered resources, i.e. build is platform dependent!
2022-04-23 18:37:04,330 [Worker-57: Building] INFO  o.e.m.c.i.embedder.EclipseLogger - skip non existing resourceDirectory C:\Users\sebae\Desktop\TUDAI\3º AÑO-2º CUATRIMESTRE\ARQUITECTURAS WEB\TPEntregables\Entregable1\src\main\resources
2022-04-23 18:37:04,333 [Worker-57: Building] WARN  o.e.m.c.i.embedder.EclipseLogger - Using platform encoding (Cp1252 actually) to copy filtered resources, i.e. build is platform dependent!
2022-04-23 18:37:04,335 [Worker-57: Building] INFO  o.e.m.c.i.embedder.EclipseLogger - skip non existing resourceDirectory C:\Users\sebae\Desktop\TUDAI\3º AÑO-2º CUATRIMESTRE\ARQUITECTURAS WEB\TPEntregables\Entregable1\src\test\resources
2022-04-23 18:37:20,886 [Worker-62: Building] WARN  o.e.m.c.i.embedder.EclipseLogger - Using platform encoding (Cp1252 actually) to copy filtered resources, i.e. build is platform dependent!
2022-04-23 18:37:20,889 [Worker-62: Building] INFO  o.e.m.c.i.embedder.EclipseLogger - skip non existing resourceDirectory C:\Users\sebae\Desktop\TUDAI\3º AÑO-2º CUATRIMESTRE\ARQUITECTURAS WEB\TPEntregables\Entregable1\src\main\resources
2022-04-23 18:37:20,892 [Worker-62: Building] WARN  o.e.m.c.i.embedder.EclipseLogger - Using platform encoding (Cp1252 actually) to copy filtered resources, i.e. build is platform dependent!
2022-04-23 18:37:20,894 [Worker-62: Building] INFO  o.e.m.c.i.embedder.EclipseLogger - skip non existing resourceDirectory C:\Users\sebae\Desktop\TUDAI\3º AÑO-2º CUATRIMESTRE\ARQUITECTURAS WEB\TPEntregables\Entregable1\src\test\resources
2022-04-23 18:43:58,115 [Worker-66: Building] WARN  o.e.m.c.i.embedder.EclipseLogger - Using platform encoding (Cp1252 actually) to copy filtered resources, i.e. build is platform dependent!
2022-04-23 18:43:58,117 [Worker-66: Building] INFO  o.e.m.c.i.embedder.EclipseLogger - skip non existing resourceDirectory C:\Users\sebae\Desktop\TUDAI\3º AÑO-2º CUATRIMESTRE\ARQUITECTURAS WEB\TPEntregables\Entregable1\src\main\resources
2022-04-23 18:43:58,120 [Worker-66: Building] WARN  o.e.m.c.i.embedder.EclipseLogger - Using platform encoding (Cp1252 actually) to copy filtered resources, i.e. build is platform dependent!
2022-04-23 18:43:58,122 [Worker-66: Building] INFO  o.e.m.c.i.embedder.EclipseLogger - skip non existing resourceDirectory C:\Users\sebae\Desktop\TUDAI\3º AÑO-2º CUATRIMESTRE\ARQUITECTURAS WEB\TPEntregables\Entregable1\src\test\resources
2022-04-23 18:49:10,005 [Worker-68: Building] WARN  o.e.m.c.i.embedder.EclipseLogger - Using platform encoding (Cp1252 actually) to copy filtered resources, i.e. build is platform dependent!
2022-04-23 18:49:10,007 [Worker-68: Building] INFO  o.e.m.c.i.embedder.EclipseLogger - skip non existing resourceDirectory C:\Users\sebae\Desktop\TUDAI\3º AÑO-2º CUATRIMESTRE\ARQUITECTURAS WEB\TPEntregables\Entregable1\src\main\resources
2022-04-23 18:49:10,010 [Worker-68: Building] WARN  o.e.m.c.i.embedder.EclipseLogger - Using platform encoding (Cp1252 actually) to copy filtered resources, i.e. build is platform dependent!
2022-04-23 18:49:10,012 [Worker-68: Building] INFO  o.e.m.c.i.embedder.EclipseLogger - skip non existing resourceDirectory C:\Users\sebae\Desktop\TUDAI\3º AÑO-2º CUATRIMESTRE\ARQUITECTURAS WEB\TPEntregables\Entregable1\src\test\resources
2022-04-23 18:52:51,585 [Worker-67: Building] WARN  o.e.m.c.i.embedder.EclipseLogger - Using platform encoding (Cp1252 actually) to copy filtered resources, i.e. build is platform dependent!
2022-04-23 18:52:51,587 [Worker-67: Building] INFO  o.e.m.c.i.embedder.EclipseLogger - skip non existing resourceDirectory C:\Users\sebae\Desktop\TUDAI\3º AÑO-2º CUATRIMESTRE\ARQUITECTURAS WEB\TPEntregables\Entregable1\src\main\resources
2022-04-23 18:52:51,590 [Worker-67: Building] WARN  o.e.m.c.i.embedder.EclipseLogger - Using platform encoding (Cp1252 actually) to copy filtered resources, i.e. build is platform dependent!
2022-04-23 18:52:51,592 [Worker-67: Building] INFO  o.e.m.c.i.embedder.EclipseLogger - skip non existing resourceDirectory C:\Users\sebae\Desktop\TUDAI\3º AÑO-2º CUATRIMESTRE\ARQUITECTURAS WEB\TPEntregables\Entregable1\src\test\resources
2022-04-23 18:53:06,235 [Worker-66: Building] WARN  o.e.m.c.i.embedder.EclipseLogger - Using platform encoding (Cp1252 actually) to copy filtered resources, i.e. build is platform dependent!
2022-04-23 18:53:06,237 [Worker-66: Building] INFO  o.e.m.c.i.embedder.EclipseLogger - skip non existing resourceDirectory C:\Users\sebae\Desktop\TUDAI\3º AÑO-2º CUATRIMESTRE\ARQUITECTURAS WEB\TPEntregables\Entregable1\src\main\resources
2022-04-23 18:53:06,243 [Worker-66: Building] WARN  o.e.m.c.i.embedder.EclipseLogger - Using platform encoding (Cp1252 actually) to copy filtered resources, i.e. build is platform dependent!
2022-04-23 18:53:06,246 [Worker-66: Building] INFO  o.e.m.c.i.embedder.EclipseLogger - skip non existing resourceDirectory C:\Users\sebae\Desktop\TUDAI\3º AÑO-2º CUATRIMESTRE\ARQUITECTURAS WEB\TPEntregables\Entregable1\src\test\resources
2022-04-23 21:59:41,106 [Worker-89: Building] WARN  o.e.m.c.i.embedder.EclipseLogger - Using platform encoding (Cp1252 actually) to copy filtered resources, i.e. build is platform dependent!
2022-04-23 21:59:41,462 [Worker-89: Building] INFO  o.e.m.c.i.embedder.EclipseLogger - skip non existing resourceDirectory C:\Users\sebae\Desktop\TUDAI\3º AÑO-2º CUATRIMESTRE\ARQUITECTURAS WEB\TPEntregables\Entregable1\src\main\resources
2022-04-23 21:59:41,500 [Worker-89: Building] WARN  o.e.m.c.i.embedder.EclipseLogger - Using platform encoding (Cp1252 actually) to copy filtered resources, i.e. build is platform dependent!
2022-04-23 21:59:41,502 [Worker-89: Building] INFO  o.e.m.c.i.embedder.EclipseLogger - skip non existing resourceDirectory C:\Users\sebae\Desktop\TUDAI\3º AÑO-2º CUATRIMESTRE\ARQUITECTURAS WEB\TPEntregables\Entregable1\src\test\resources
2022-04-23 22:08:32,185 [Worker-88: Building] WARN  o.e.m.c.i.embedder.EclipseLogger - Using platform encoding (Cp1252 actually) to copy filtered resources, i.e. build is platform dependent!
2022-04-23 22:08:32,187 [Worker-88: Building] INFO  o.e.m.c.i.embedder.EclipseLogger - skip non existing resourceDirectory C:\Users\sebae\Desktop\TUDAI\3º AÑO-2º CUATRIMESTRE\ARQUITECTURAS WEB\TPEntregables\Entregable1\src\main\resources
2022-04-23 22:08:32,189 [Worker-88: Building] WARN  o.e.m.c.i.embedder.EclipseLogger - Using platform encoding (Cp1252 actually) to copy filtered resources, i.e. build is platform dependent!
2022-04-23 22:08:32,191 [Worker-88: Building] INFO  o.e.m.c.i.embedder.EclipseLogger - skip non existing resourceDirectory C:\Users\sebae\Desktop\TUDAI\3º AÑO-2º CUATRIMESTRE\ARQUITECTURAS WEB\TPEntregables\Entregable1\src\test\resources
2022-04-23 22:08:56,714 [Worker-88: Building] WARN  o.e.m.c.i.embedder.EclipseLogger - Using platform encoding (Cp1252 actually) to copy filtered resources, i.e. build is platform dependent!
2022-04-23 22:08:56,716 [Worker-88: Building] INFO  o.e.m.c.i.embedder.EclipseLogger - skip non existing resourceDirectory C:\Users\sebae\Desktop\TUDAI\3º AÑO-2º CUATRIMESTRE\ARQUITECTURAS WEB\TPEntregables\Entregable1\src\main\resources
2022-04-23 22:08:56,718 [Worker-88: Building] WARN  o.e.m.c.i.embedder.EclipseLogger - Using platform encoding (Cp1252 actually) to copy filtered resources, i.e. build is platform dependent!
2022-04-23 22:08:56,720 [Worker-88: Building] INFO  o.e.m.c.i.embedder.EclipseLogger - skip non existing resourceDirectory C:\Users\sebae\Desktop\TUDAI\3º AÑO-2º CUATRIMESTRE\ARQUITECTURAS WEB\TPEntregables\Entregable1\src\test\resources
2022-04-23 22:11:12,838 [Worker-91: Building] WARN  o.e.m.c.i.embedder.EclipseLogger - Using platform encoding (Cp1252 actually) to copy filtered resources, i.e. build is platform dependent!
2022-04-23 22:11:12,840 [Worker-91: Building] INFO  o.e.m.c.i.embedder.EclipseLogger - skip non existing resourceDirectory C:\Users\sebae\Desktop\TUDAI\3º AÑO-2º CUATRIMESTRE\ARQUITECTURAS WEB\TPEntregables\Entregable1\src\main\resources
2022-04-23 22:11:12,843 [Worker-91: Building] WARN  o.e.m.c.i.embedder.EclipseLogger - Using platform encoding (Cp1252 actually) to copy filtered resources, i.e. build is platform dependent!
2022-04-23 22:11:12,845 [Worker-91: Building] INFO  o.e.m.c.i.embedder.EclipseLogger - skip non existing resourceDirectory C:\Users\sebae\Desktop\TUDAI\3º AÑO-2º CUATRIMESTRE\ARQUITECTURAS WEB\TPEntregables\Entregable1\src\test\resources
2022-04-23 22:12:05,631 [Worker-88: Building] WARN  o.e.m.c.i.embedder.EclipseLogger - Using platform encoding (Cp1252 actually) to copy filtered resources, i.e. build is platform dependent!
2022-04-23 22:12:05,633 [Worker-88: Building] INFO  o.e.m.c.i.embedder.EclipseLogger - skip non existing resourceDirectory C:\Users\sebae\Desktop\TUDAI\3º AÑO-2º CUATRIMESTRE\ARQUITECTURAS WEB\TPEntregables\Entregable1\src\main\resources
2022-04-23 22:12:05,636 [Worker-88: Building] WARN  o.e.m.c.i.embedder.EclipseLogger - Using platform encoding (Cp1252 actually) to copy filtered resources, i.e. build is platform dependent!
2022-04-23 22:12:05,638 [Worker-88: Building] INFO  o.e.m.c.i.embedder.EclipseLogger - skip non existing resourceDirectory C:\Users\sebae\Desktop\TUDAI\3º AÑO-2º CUATRIMESTRE\ARQUITECTURAS WEB\TPEntregables\Entregable1\src\test\resources
2022-04-23 22:16:18,530 [Worker-91: Building] WARN  o.e.m.c.i.embedder.EclipseLogger - Using platform encoding (Cp1252 actually) to copy filtered resources, i.e. build is platform dependent!
2022-04-23 22:16:18,533 [Worker-91: Building] INFO  o.e.m.c.i.embedder.EclipseLogger - skip non existing resourceDirectory C:\Users\sebae\Desktop\TUDAI\3º AÑO-2º CUATRIMESTRE\ARQUITECTURAS WEB\TPEntregables\Entregable1\src\main\resources
2022-04-23 22:16:18,535 [Worker-91: Building] WARN  o.e.m.c.i.embedder.EclipseLogger - Using platform encoding (Cp1252 actually) to copy filtered resources, i.e. build is platform dependent!
2022-04-23 22:16:18,537 [Worker-91: Building] INFO  o.e.m.c.i.embedder.EclipseLogger - skip non existing resourceDirectory C:\Users\sebae\Desktop\TUDAI\3º AÑO-2º CUATRIMESTRE\ARQUITECTURAS WEB\TPEntregables\Entregable1\src\test\resources
2022-04-23 22:17:24,718 [Worker-88: Building] WARN  o.e.m.c.i.embedder.EclipseLogger - Using platform encoding (Cp1252 actually) to copy filtered resources, i.e. build is platform dependent!
2022-04-23 22:17:24,720 [Worker-88: Building] INFO  o.e.m.c.i.embedder.EclipseLogger - skip non existing resourceDirectory C:\Users\sebae\Desktop\TUDAI\3º AÑO-2º CUATRIMESTRE\ARQUITECTURAS WEB\TPEntregables\Entregable1\src\main\resources
2022-04-23 22:17:24,721 [Worker-88: Building] WARN  o.e.m.c.i.embedder.EclipseLogger - Using platform encoding (Cp1252 actually) to copy filtered resources, i.e. build is platform dependent!
2022-04-23 22:17:24,723 [Worker-88: Building] INFO  o.e.m.c.i.embedder.EclipseLogger - skip non existing resourceDirectory C:\Users\sebae\Desktop\TUDAI\3º AÑO-2º CUATRIMESTRE\ARQUITECTURAS WEB\TPEntregables\Entregable1\src\test\resources
2022-04-23 22:19:01,695 [Worker-90: Building] WARN  o.e.m.c.i.embedder.EclipseLogger - Using platform encoding (Cp1252 actually) to copy filtered resources, i.e. build is platform dependent!
2022-04-23 22:19:01,698 [Worker-90: Building] INFO  o.e.m.c.i.embedder.EclipseLogger - skip non existing resourceDirectory C:\Users\sebae\Desktop\TUDAI\3º AÑO-2º CUATRIMESTRE\ARQUITECTURAS WEB\TPEntregables\Entregable1\src\main\resources
2022-04-23 22:19:01,702 [Worker-90: Building] WARN  o.e.m.c.i.embedder.EclipseLogger - Using platform encoding (Cp1252 actually) to copy filtered resources, i.e. build is platform dependent!
2022-04-23 22:19:01,704 [Worker-90: Building] INFO  o.e.m.c.i.embedder.EclipseLogger - skip non existing resourceDirectory C:\Users\sebae\Desktop\TUDAI\3º AÑO-2º CUATRIMESTRE\ARQUITECTURAS WEB\TPEntregables\Entregable1\src\test\resources
2022-04-23 22:19:53,469 [Worker-93: Building] WARN  o.e.m.c.i.embedder.EclipseLogger - Using platform encoding (Cp1252 actually) to copy filtered resources, i.e. build is platform dependent!
2022-04-23 22:19:53,472 [Worker-93: Building] INFO  o.e.m.c.i.embedder.EclipseLogger - skip non existing resourceDirectory C:\Users\sebae\Desktop\TUDAI\3º AÑO-2º CUATRIMESTRE\ARQUITECTURAS WEB\TPEntregables\Entregable1\src\main\resources
2022-04-23 22:19:53,475 [Worker-93: Building] WARN  o.e.m.c.i.embedder.EclipseLogger - Using platform encoding (Cp1252 actually) to copy filtered resources, i.e. build is platform dependent!
2022-04-23 22:19:53,477 [Worker-93: Building] INFO  o.e.m.c.i.embedder.EclipseLogger - skip non existing resourceDirectory C:\Users\sebae\Desktop\TUDAI\3º AÑO-2º CUATRIMESTRE\ARQUITECTURAS WEB\TPEntregables\Entregable1\src\test\resources
2022-04-23 22:20:16,476 [Worker-94: Building] WARN  o.e.m.c.i.embedder.EclipseLogger - Using platform encoding (Cp1252 actually) to copy filtered resources, i.e. build is platform dependent!
2022-04-23 22:20:16,479 [Worker-94: Building] INFO  o.e.m.c.i.embedder.EclipseLogger - skip non existing resourceDirectory C:\Users\sebae\Desktop\TUDAI\3º AÑO-2º CUATRIMESTRE\ARQUITECTURAS WEB\TPEntregables\Entregable1\src\main\resources
2022-04-23 22:20:16,482 [Worker-94: Building] WARN  o.e.m.c.i.embedder.EclipseLogger - Using platform encoding (Cp1252 actually) to copy filtered resources, i.e. build is platform dependent!
2022-04-23 22:20:16,484 [Worker-94: Building] INFO  o.e.m.c.i.embedder.EclipseLogger - skip non existing resourceDirectory C:\Users\sebae\Desktop\TUDAI\3º AÑO-2º CUATRIMESTRE\ARQUITECTURAS WEB\TPEntregables\Entregable1\src\test\resources
2022-04-23 22:24:37,538 [Worker-96: Building] WARN  o.e.m.c.i.embedder.EclipseLogger - Using platform encoding (Cp1252 actually) to copy filtered resources, i.e. build is platform dependent!
2022-04-23 22:24:37,540 [Worker-96: Building] INFO  o.e.m.c.i.embedder.EclipseLogger - skip non existing resourceDirectory C:\Users\sebae\Desktop\TUDAI\3º AÑO-2º CUATRIMESTRE\ARQUITECTURAS WEB\TPEntregables\Entregable1\src\main\resources
2022-04-23 22:24:37,561 [Worker-96: Building] WARN  o.e.m.c.i.embedder.EclipseLogger - Using platform encoding (Cp1252 actually) to copy filtered resources, i.e. build is platform dependent!
2022-04-23 22:24:37,563 [Worker-96: Building] INFO  o.e.m.c.i.embedder.EclipseLogger - skip non existing resourceDirectory C:\Users\sebae\Desktop\TUDAI\3º AÑO-2º CUATRIMESTRE\ARQUITECTURAS WEB\TPEntregables\Entregable1\src\test\resources
2022-04-23 22:25:43,929 [Worker-95: Building] WARN  o.e.m.c.i.embedder.EclipseLogger - Using platform encoding (Cp1252 actually) to copy filtered resources, i.e. build is platform dependent!
2022-04-23 22:25:43,931 [Worker-95: Building] INFO  o.e.m.c.i.embedder.EclipseLogger - skip non existing resourceDirectory C:\Users\sebae\Desktop\TUDAI\3º AÑO-2º CUATRIMESTRE\ARQUITECTURAS WEB\TPEntregables\Entregable1\src\main\resources
2022-04-23 22:25:43,933 [Worker-95: Building] WARN  o.e.m.c.i.embedder.EclipseLogger - Using platform encoding (Cp1252 actually) to copy filtered resources, i.e. build is platform dependent!
2022-04-23 22:25:43,936 [Worker-95: Building] INFO  o.e.m.c.i.embedder.EclipseLogger - skip non existing resourceDirectory C:\Users\sebae\Desktop\TUDAI\3º AÑO-2º CUATRIMESTRE\ARQUITECTURAS WEB\TPEntregables\Entregable1\src\test\resources
2022-04-23 22:32:21,940 [Worker-97: Building] WARN  o.e.m.c.i.embedder.EclipseLogger - Using platform encoding (Cp1252 actually) to copy filtered resources, i.e. build is platform dependent!
2022-04-23 22:32:22,048 [Worker-97: Building] INFO  o.e.m.c.i.embedder.EclipseLogger - skip non existing resourceDirectory C:\Users\sebae\Desktop\TUDAI\3º AÑO-2º CUATRIMESTRE\ARQUITECTURAS WEB\TPEntregables\Entregable1\src\main\resources
2022-04-23 22:32:22,050 [Worker-97: Building] WARN  o.e.m.c.i.embedder.EclipseLogger - Using platform encoding (Cp1252 actually) to copy filtered resources, i.e. build is platform dependent!
2022-04-23 22:32:22,051 [Worker-97: Building] INFO  o.e.m.c.i.embedder.EclipseLogger - skip non existing resourceDirectory C:\Users\sebae\Desktop\TUDAI\3º AÑO-2º CUATRIMESTRE\ARQUITECTURAS WEB\TPEntregables\Entregable1\src\test\resources
2022-04-23 22:36:15,781 [Worker-99: Building] WARN  o.e.m.c.i.embedder.EclipseLogger - Using platform encoding (Cp1252 actually) to copy filtered resources, i.e. build is platform dependent!
2022-04-23 22:36:15,783 [Worker-99: Building] INFO  o.e.m.c.i.embedder.EclipseLogger - skip non existing resourceDirectory C:\Users\sebae\Desktop\TUDAI\3º AÑO-2º CUATRIMESTRE\ARQUITECTURAS WEB\TPEntregables\Entregable1\src\main\resources
2022-04-23 22:36:15,785 [Worker-99: Building] WARN  o.e.m.c.i.embedder.EclipseLogger - Using platform encoding (Cp1252 actually) to copy filtered resources, i.e. build is platform dependent!
2022-04-23 22:36:15,787 [Worker-99: Building] INFO  o.e.m.c.i.embedder.EclipseLogger - skip non existing resourceDirectory C:\Users\sebae\Desktop\TUDAI\3º AÑO-2º CUATRIMESTRE\ARQUITECTURAS WEB\TPEntregables\Entregable1\src\test\resources
2022-04-23 22:37:12,950 [Worker-97: Building] WARN  o.e.m.c.i.embedder.EclipseLogger - Using platform encoding (Cp1252 actually) to copy filtered resources, i.e. build is platform dependent!
2022-04-23 22:37:12,953 [Worker-97: Building] INFO  o.e.m.c.i.embedder.EclipseLogger - skip non existing resourceDirectory C:\Users\sebae\Desktop\TUDAI\3º AÑO-2º CUATRIMESTRE\ARQUITECTURAS WEB\TPEntregables\Entregable1\src\main\resources
2022-04-23 22:37:12,954 [Worker-97: Building] WARN  o.e.m.c.i.embedder.EclipseLogger - Using platform encoding (Cp1252 actually) to copy filtered resources, i.e. build is platform dependent!
2022-04-23 22:37:12,956 [Worker-97: Building] INFO  o.e.m.c.i.embedder.EclipseLogger - skip non existing resourceDirectory C:\Users\sebae\Desktop\TUDAI\3º AÑO-2º CUATRIMESTRE\ARQUITECTURAS WEB\TPEntregables\Entregable1\src\test\resources
2022-04-24 19:50:34,841 [Worker-134: Building] WARN  o.e.m.c.i.embedder.EclipseLogger - Using platform encoding (Cp1252 actually) to copy filtered resources, i.e. build is platform dependent!
2022-04-24 19:50:35,001 [Worker-134: Building] INFO  o.e.m.c.i.embedder.EclipseLogger - skip non existing resourceDirectory C:\Users\sebae\Desktop\TUDAI\3º AÑO-2º CUATRIMESTRE\ARQUITECTURAS WEB\TPEntregables\Entregable1\src\main\resources
2022-04-24 19:50:35,049 [Worker-134: Building] WARN  o.e.m.c.i.embedder.EclipseLogger - Using platform encoding (Cp1252 actually) to copy filtered resources, i.e. build is platform dependent!
2022-04-24 19:50:35,051 [Worker-134: Building] INFO  o.e.m.c.i.embedder.EclipseLogger - skip non existing resourceDirectory C:\Users\sebae\Desktop\TUDAI\3º AÑO-2º CUATRIMESTRE\ARQUITECTURAS WEB\TPEntregables\Entregable1\src\test\resources
2022-04-24 19:51:21,508 [Worker-133: Building] WARN  o.e.m.c.i.embedder.EclipseLogger - Using platform encoding (Cp1252 actually) to copy filtered resources, i.e. build is platform dependent!
2022-04-24 19:51:21,511 [Worker-133: Building] INFO  o.e.m.c.i.embedder.EclipseLogger - skip non existing resourceDirectory C:\Users\sebae\Desktop\TUDAI\3º AÑO-2º CUATRIMESTRE\ARQUITECTURAS WEB\TPEntregables\Entregable1\src\main\resources
2022-04-24 19:51:21,513 [Worker-133: Building] WARN  o.e.m.c.i.embedder.EclipseLogger - Using platform encoding (Cp1252 actually) to copy filtered resources, i.e. build is platform dependent!
2022-04-24 19:51:21,515 [Worker-133: Building] INFO  o.e.m.c.i.embedder.EclipseLogger - skip non existing resourceDirectory C:\Users\sebae\Desktop\TUDAI\3º AÑO-2º CUATRIMESTRE\ARQUITECTURAS WEB\TPEntregables\Entregable1\src\test\resources
2022-04-24 19:53:49,164 [Worker-127: Building] WARN  o.e.m.c.i.embedder.EclipseLogger - Using platform encoding (Cp1252 actually) to copy filtered resources, i.e. build is platform dependent!
2022-04-24 19:53:49,167 [Worker-127: Building] INFO  o.e.m.c.i.embedder.EclipseLogger - skip non existing resourceDirectory C:\Users\sebae\Desktop\TUDAI\3º AÑO-2º CUATRIMESTRE\ARQUITECTURAS WEB\TPEntregables\Entregable1\src\main\resources
2022-04-24 19:53:49,169 [Worker-127: Building] WARN  o.e.m.c.i.embedder.EclipseLogger - Using platform encoding (Cp1252 actually) to copy filtered resources, i.e. build is platform dependent!
2022-04-24 19:53:49,172 [Worker-127: Building] INFO  o.e.m.c.i.embedder.EclipseLogger - skip non existing resourceDirectory C:\Users\sebae\Desktop\TUDAI\3º AÑO-2º CUATRIMESTRE\ARQUITECTURAS WEB\TPEntregables\Entregable1\src\test\resources
2022-04-24 19:57:20,371 [Worker-131: Building] WARN  o.e.m.c.i.embedder.EclipseLogger - Using platform encoding (Cp1252 actually) to copy filtered resources, i.e. build is platform dependent!
2022-04-24 19:57:20,374 [Worker-131: Building] INFO  o.e.m.c.i.embedder.EclipseLogger - skip non existing resourceDirectory C:\Users\sebae\Desktop\TUDAI\3º AÑO-2º CUATRIMESTRE\ARQUITECTURAS WEB\TPEntregables\Entregable1\src\main\resources
2022-04-24 19:57:20,378 [Worker-131: Building] WARN  o.e.m.c.i.embedder.EclipseLogger - Using platform encoding (Cp1252 actually) to copy filtered resources, i.e. build is platform dependent!
2022-04-24 19:57:20,381 [Worker-131: Building] INFO  o.e.m.c.i.embedder.EclipseLogger - skip non existing resourceDirectory C:\Users\sebae\Desktop\TUDAI\3º AÑO-2º CUATRIMESTRE\ARQUITECTURAS WEB\TPEntregables\Entregable1\src\test\resources
2022-04-24 19:57:47,558 [Worker-127: Building] WARN  o.e.m.c.i.embedder.EclipseLogger - Using platform encoding (Cp1252 actually) to copy filtered resources, i.e. build is platform dependent!
2022-04-24 19:57:47,561 [Worker-127: Building] INFO  o.e.m.c.i.embedder.EclipseLogger - skip non existing resourceDirectory C:\Users\sebae\Desktop\TUDAI\3º AÑO-2º CUATRIMESTRE\ARQUITECTURAS WEB\TPEntregables\Entregable1\src\main\resources
2022-04-24 19:57:47,563 [Worker-127: Building] WARN  o.e.m.c.i.embedder.EclipseLogger - Using platform encoding (Cp1252 actually) to copy filtered resources, i.e. build is platform dependent!
2022-04-24 19:57:47,566 [Worker-127: Building] INFO  o.e.m.c.i.embedder.EclipseLogger - skip non existing resourceDirectory C:\Users\sebae\Desktop\TUDAI\3º AÑO-2º CUATRIMESTRE\ARQUITECTURAS WEB\TPEntregables\Entregable1\src\test\resources
2022-04-24 19:59:08,884 [Worker-127: Building] WARN  o.e.m.c.i.embedder.EclipseLogger - Using platform encoding (Cp1252 actually) to copy filtered resources, i.e. build is platform dependent!
2022-04-24 19:59:08,886 [Worker-127: Building] INFO  o.e.m.c.i.embedder.EclipseLogger - skip non existing resourceDirectory C:\Users\sebae\Desktop\TUDAI\3º AÑO-2º CUATRIMESTRE\ARQUITECTURAS WEB\TPEntregables\Entregable1\src\main\resources
2022-04-24 19:59:08,889 [Worker-127: Building] WARN  o.e.m.c.i.embedder.EclipseLogger - Using platform encoding (Cp1252 actually) to copy filtered resources, i.e. build is platform dependent!
2022-04-24 19:59:08,891 [Worker-127: Building] INFO  o.e.m.c.i.embedder.EclipseLogger - skip non existing resourceDirectory C:\Users\sebae\Desktop\TUDAI\3º AÑO-2º CUATRIMESTRE\ARQUITECTURAS WEB\TPEntregables\Entregable1\src\test\resources
2022-04-24 19:59:40,018 [Worker-134: Building] WARN  o.e.m.c.i.embedder.EclipseLogger - Using platform encoding (Cp1252 actually) to copy filtered resources, i.e. build is platform dependent!
2022-04-24 19:59:40,021 [Worker-134: Building] INFO  o.e.m.c.i.embedder.EclipseLogger - skip non existing resourceDirectory C:\Users\sebae\Desktop\TUDAI\3º AÑO-2º CUATRIMESTRE\ARQUITECTURAS WEB\TPEntregables\Entregable1\src\main\resources
2022-04-24 19:59:40,023 [Worker-134: Building] WARN  o.e.m.c.i.embedder.EclipseLogger - Using platform encoding (Cp1252 actually) to copy filtered resources, i.e. build is platform dependent!
2022-04-24 19:59:40,025 [Worker-134: Building] INFO  o.e.m.c.i.embedder.EclipseLogger - skip non existing resourceDirectory C:\Users\sebae\Desktop\TUDAI\3º AÑO-2º CUATRIMESTRE\ARQUITECTURAS WEB\TPEntregables\Entregable1\src\test\resources
2022-04-24 20:00:05,223 [Worker-131: Building] WARN  o.e.m.c.i.embedder.EclipseLogger - Using platform encoding (Cp1252 actually) to copy filtered resources, i.e. build is platform dependent!
2022-04-24 20:00:05,227 [Worker-131: Building] INFO  o.e.m.c.i.embedder.EclipseLogger - skip non existing resourceDirectory C:\Users\sebae\Desktop\TUDAI\3º AÑO-2º CUATRIMESTRE\ARQUITECTURAS WEB\TPEntregables\Entregable1\src\main\resources
2022-04-24 20:00:05,232 [Worker-131: Building] WARN  o.e.m.c.i.embedder.EclipseLogger - Using platform encoding (Cp1252 actually) to copy filtered resources, i.e. build is platform dependent!
2022-04-24 20:00:05,235 [Worker-131: Building] INFO  o.e.m.c.i.embedder.EclipseLogger - skip non existing resourceDirectory C:\Users\sebae\Desktop\TUDAI\3º AÑO-2º CUATRIMESTRE\ARQUITECTURAS WEB\TPEntregables\Entregable1\src\test\resources
2022-04-24 20:01:09,056 [Worker-127: Building] WARN  o.e.m.c.i.embedder.EclipseLogger - Using platform encoding (Cp1252 actually) to copy filtered resources, i.e. build is platform dependent!
2022-04-24 20:01:09,059 [Worker-127: Building] INFO  o.e.m.c.i.embedder.EclipseLogger - skip non existing resourceDirectory C:\Users\sebae\Desktop\TUDAI\3º AÑO-2º CUATRIMESTRE\ARQUITECTURAS WEB\TPEntregables\Entregable1\src\main\resources
2022-04-24 20:01:09,061 [Worker-127: Building] WARN  o.e.m.c.i.embedder.EclipseLogger - Using platform encoding (Cp1252 actually) to copy filtered resources, i.e. build is platform dependent!
2022-04-24 20:01:09,063 [Worker-127: Building] INFO  o.e.m.c.i.embedder.EclipseLogger - skip non existing resourceDirectory C:\Users\sebae\Desktop\TUDAI\3º AÑO-2º CUATRIMESTRE\ARQUITECTURAS WEB\TPEntregables\Entregable1\src\test\resources
2022-04-24 20:03:47,535 [Worker-135: Building] WARN  o.e.m.c.i.embedder.EclipseLogger - Using platform encoding (Cp1252 actually) to copy filtered resources, i.e. build is platform dependent!
2022-04-24 20:03:47,538 [Worker-135: Building] INFO  o.e.m.c.i.embedder.EclipseLogger - skip non existing resourceDirectory C:\Users\sebae\Desktop\TUDAI\3º AÑO-2º CUATRIMESTRE\ARQUITECTURAS WEB\TPEntregables\Entregable1\src\main\resources
2022-04-24 20:03:47,540 [Worker-135: Building] WARN  o.e.m.c.i.embedder.EclipseLogger - Using platform encoding (Cp1252 actually) to copy filtered resources, i.e. build is platform dependent!
2022-04-24 20:03:47,543 [Worker-135: Building] INFO  o.e.m.c.i.embedder.EclipseLogger - skip non existing resourceDirectory C:\Users\sebae\Desktop\TUDAI\3º AÑO-2º CUATRIMESTRE\ARQUITECTURAS WEB\TPEntregables\Entregable1\src\test\resources
2022-04-24 20:04:33,988 [Worker-135: Building] WARN  o.e.m.c.i.embedder.EclipseLogger - Using platform encoding (Cp1252 actually) to copy filtered resources, i.e. build is platform dependent!
2022-04-24 20:04:33,993 [Worker-135: Building] INFO  o.e.m.c.i.embedder.EclipseLogger - skip non existing resourceDirectory C:\Users\sebae\Desktop\TUDAI\3º AÑO-2º CUATRIMESTRE\ARQUITECTURAS WEB\TPEntregables\Entregable1\src\main\resources
2022-04-24 20:04:33,995 [Worker-135: Building] WARN  o.e.m.c.i.embedder.EclipseLogger - Using platform encoding (Cp1252 actually) to copy filtered resources, i.e. build is platform dependent!
2022-04-24 20:04:33,998 [Worker-135: Building] INFO  o.e.m.c.i.embedder.EclipseLogger - skip non existing resourceDirectory C:\Users\sebae\Desktop\TUDAI\3º AÑO-2º CUATRIMESTRE\ARQUITECTURAS WEB\TPEntregables\Entregable1\src\test\resources
2022-04-24 20:06:54,892 [Worker-131: Building] WARN  o.e.m.c.i.embedder.EclipseLogger - Using platform encoding (Cp1252 actually) to copy filtered resources, i.e. build is platform dependent!
2022-04-24 20:06:54,894 [Worker-131: Building] INFO  o.e.m.c.i.embedder.EclipseLogger - skip non existing resourceDirectory C:\Users\sebae\Desktop\TUDAI\3º AÑO-2º CUATRIMESTRE\ARQUITECTURAS WEB\TPEntregables\Entregable1\src\main\resources
2022-04-24 20:06:54,897 [Worker-131: Building] WARN  o.e.m.c.i.embedder.EclipseLogger - Using platform encoding (Cp1252 actually) to copy filtered resources, i.e. build is platform dependent!
2022-04-24 20:06:54,900 [Worker-131: Building] INFO  o.e.m.c.i.embedder.EclipseLogger - skip non existing resourceDirectory C:\Users\sebae\Desktop\TUDAI\3º AÑO-2º CUATRIMESTRE\ARQUITECTURAS WEB\TPEntregables\Entregable1\src\test\resources
2022-04-24 20:09:02,852 [Worker-133: Building] WARN  o.e.m.c.i.embedder.EclipseLogger - Using platform encoding (Cp1252 actually) to copy filtered resources, i.e. build is platform dependent!
2022-04-24 20:09:02,855 [Worker-133: Building] INFO  o.e.m.c.i.embedder.EclipseLogger - skip non existing resourceDirectory C:\Users\sebae\Desktop\TUDAI\3º AÑO-2º CUATRIMESTRE\ARQUITECTURAS WEB\TPEntregables\Entregable1\src\main\resources
2022-04-24 20:09:02,857 [Worker-133: Building] WARN  o.e.m.c.i.embedder.EclipseLogger - Using platform encoding (Cp1252 actually) to copy filtered resources, i.e. build is platform dependent!
2022-04-24 20:09:02,859 [Worker-133: Building] INFO  o.e.m.c.i.embedder.EclipseLogger - skip non existing resourceDirectory C:\Users\sebae\Desktop\TUDAI\3º AÑO-2º CUATRIMESTRE\ARQUITECTURAS WEB\TPEntregables\Entregable1\src\test\resources
2022-04-24 20:13:39,072 [Worker-131: Building] WARN  o.e.m.c.i.embedder.EclipseLogger - Using platform encoding (Cp1252 actually) to copy filtered resources, i.e. build is platform dependent!
2022-04-24 20:13:39,075 [Worker-131: Building] INFO  o.e.m.c.i.embedder.EclipseLogger - skip non existing resourceDirectory C:\Users\sebae\Desktop\TUDAI\3º AÑO-2º CUATRIMESTRE\ARQUITECTURAS WEB\TPEntregables\Entregable1\src\main\resources
2022-04-24 20:13:39,086 [Worker-131: Building] WARN  o.e.m.c.i.embedder.EclipseLogger - Using platform encoding (Cp1252 actually) to copy filtered resources, i.e. build is platform dependent!
2022-04-24 20:13:39,088 [Worker-131: Building] INFO  o.e.m.c.i.embedder.EclipseLogger - skip non existing resourceDirectory C:\Users\sebae\Desktop\TUDAI\3º AÑO-2º CUATRIMESTRE\ARQUITECTURAS WEB\TPEntregables\Entregable1\src\test\resources
2022-04-24 20:13:53,841 [Worker-127: Building] WARN  o.e.m.c.i.embedder.EclipseLogger - Using platform encoding (Cp1252 actually) to copy filtered resources, i.e. build is platform dependent!
2022-04-24 20:13:53,843 [Worker-127: Building] INFO  o.e.m.c.i.embedder.EclipseLogger - skip non existing resourceDirectory C:\Users\sebae\Desktop\TUDAI\3º AÑO-2º CUATRIMESTRE\ARQUITECTURAS WEB\TPEntregables\Entregable1\src\main\resources
2022-04-24 20:13:53,844 [Worker-127: Building] WARN  o.e.m.c.i.embedder.EclipseLogger - Using platform encoding (Cp1252 actually) to copy filtered resources, i.e. build is platform dependent!
2022-04-24 20:13:53,847 [Worker-127: Building] INFO  o.e.m.c.i.embedder.EclipseLogger - skip non existing resourceDirectory C:\Users\sebae\Desktop\TUDAI\3º AÑO-2º CUATRIMESTRE\ARQUITECTURAS WEB\TPEntregables\Entregable1\src\test\resources
2022-04-24 20:17:17,996 [Worker-134: Building] WARN  o.e.m.c.i.embedder.EclipseLogger - Using platform encoding (Cp1252 actually) to copy filtered resources, i.e. build is platform dependent!
2022-04-24 20:17:17,999 [Worker-134: Building] INFO  o.e.m.c.i.embedder.EclipseLogger - skip non existing resourceDirectory C:\Users\sebae\Desktop\TUDAI\3º AÑO-2º CUATRIMESTRE\ARQUITECTURAS WEB\TPEntregables\Entregable1\src\main\resources
2022-04-24 20:17:18,003 [Worker-134: Building] WARN  o.e.m.c.i.embedder.EclipseLogger - Using platform encoding (Cp1252 actually) to copy filtered resources, i.e. build is platform dependent!
2022-04-24 20:17:18,005 [Worker-134: Building] INFO  o.e.m.c.i.embedder.EclipseLogger - skip non existing resourceDirectory C:\Users\sebae\Desktop\TUDAI\3º AÑO-2º CUATRIMESTRE\ARQUITECTURAS WEB\TPEntregables\Entregable1\src\test\resources
2022-04-24 20:18:46,267 [Worker-131: Building] WARN  o.e.m.c.i.embedder.EclipseLogger - Using platform encoding (Cp1252 actually) to copy filtered resources, i.e. build is platform dependent!
2022-04-24 20:18:46,269 [Worker-131: Building] INFO  o.e.m.c.i.embedder.EclipseLogger - skip non existing resourceDirectory C:\Users\sebae\Desktop\TUDAI\3º AÑO-2º CUATRIMESTRE\ARQUITECTURAS WEB\TPEntregables\Entregable1\src\main\resources
2022-04-24 20:18:46,272 [Worker-131: Building] WARN  o.e.m.c.i.embedder.EclipseLogger - Using platform encoding (Cp1252 actually) to copy filtered resources, i.e. build is platform dependent!
2022-04-24 20:18:46,275 [Worker-131: Building] INFO  o.e.m.c.i.embedder.EclipseLogger - skip non existing resourceDirectory C:\Users\sebae\Desktop\TUDAI\3º AÑO-2º CUATRIMESTRE\ARQUITECTURAS WEB\TPEntregables\Entregable1\src\test\resources
2022-04-24 20:24:10,295 [Worker-134: Building] WARN  o.e.m.c.i.embedder.EclipseLogger - Using platform encoding (Cp1252 actually) to copy filtered resources, i.e. build is platform dependent!
2022-04-24 20:24:10,298 [Worker-134: Building] INFO  o.e.m.c.i.embedder.EclipseLogger - skip non existing resourceDirectory C:\Users\sebae\Desktop\TUDAI\3º AÑO-2º CUATRIMESTRE\ARQUITECTURAS WEB\TPEntregables\Entregable1\src\main\resources
2022-04-24 20:24:10,301 [Worker-134: Building] WARN  o.e.m.c.i.embedder.EclipseLogger - Using platform encoding (Cp1252 actually) to copy filtered resources, i.e. build is platform dependent!
2022-04-24 20:24:10,304 [Worker-134: Building] INFO  o.e.m.c.i.embedder.EclipseLogger - skip non existing resourceDirectory C:\Users\sebae\Desktop\TUDAI\3º AÑO-2º CUATRIMESTRE\ARQUITECTURAS WEB\TPEntregables\Entregable1\src\test\resources
2022-04-24 20:26:23,057 [Worker-134: Building] WARN  o.e.m.c.i.embedder.EclipseLogger - Using platform encoding (Cp1252 actually) to copy filtered resources, i.e. build is platform dependent!
2022-04-24 20:26:23,060 [Worker-134: Building] INFO  o.e.m.c.i.embedder.EclipseLogger - skip non existing resourceDirectory C:\Users\sebae\Desktop\TUDAI\3º AÑO-2º CUATRIMESTRE\ARQUITECTURAS WEB\TPEntregables\Entregable1\src\main\resources
2022-04-24 20:26:23,062 [Worker-134: Building] WARN  o.e.m.c.i.embedder.EclipseLogger - Using platform encoding (Cp1252 actually) to copy filtered resources, i.e. build is platform dependent!
2022-04-24 20:26:23,064 [Worker-134: Building] INFO  o.e.m.c.i.embedder.EclipseLogger - skip non existing resourceDirectory C:\Users\sebae\Desktop\TUDAI\3º AÑO-2º CUATRIMESTRE\ARQUITECTURAS WEB\TPEntregables\Entregable1\src\test\resources
2022-04-24 20:26:54,627 [Worker-134: Building] WARN  o.e.m.c.i.embedder.EclipseLogger - Using platform encoding (Cp1252 actually) to copy filtered resources, i.e. build is platform dependent!
2022-04-24 20:26:54,629 [Worker-134: Building] INFO  o.e.m.c.i.embedder.EclipseLogger - skip non existing resourceDirectory C:\Users\sebae\Desktop\TUDAI\3º AÑO-2º CUATRIMESTRE\ARQUITECTURAS WEB\TPEntregables\Entregable1\src\main\resources
2022-04-24 20:26:54,632 [Worker-134: Building] WARN  o.e.m.c.i.embedder.EclipseLogger - Using platform encoding (Cp1252 actually) to copy filtered resources, i.e. build is platform dependent!
2022-04-24 20:26:54,635 [Worker-134: Building] INFO  o.e.m.c.i.embedder.EclipseLogger - skip non existing resourceDirectory C:\Users\sebae\Desktop\TUDAI\3º AÑO-2º CUATRIMESTRE\ARQUITECTURAS WEB\TPEntregables\Entregable1\src\test\resources
2022-04-24 20:33:15,621 [Worker-131: Building] WARN  o.e.m.c.i.embedder.EclipseLogger - Using platform encoding (Cp1252 actually) to copy filtered resources, i.e. build is platform dependent!
2022-04-24 20:33:15,624 [Worker-131: Building] INFO  o.e.m.c.i.embedder.EclipseLogger - skip non existing resourceDirectory C:\Users\sebae\Desktop\TUDAI\3º AÑO-2º CUATRIMESTRE\ARQUITECTURAS WEB\TPEntregables\Entregable1\src\main\resources
2022-04-24 20:33:15,626 [Worker-131: Building] WARN  o.e.m.c.i.embedder.EclipseLogger - Using platform encoding (Cp1252 actually) to copy filtered resources, i.e. build is platform dependent!
2022-04-24 20:33:15,628 [Worker-131: Building] INFO  o.e.m.c.i.embedder.EclipseLogger - skip non existing resourceDirectory C:\Users\sebae\Desktop\TUDAI\3º AÑO-2º CUATRIMESTRE\ARQUITECTURAS WEB\TPEntregables\Entregable1\src\test\resources
2022-04-25 08:45:45,390 [Worker-154: Building] WARN  o.e.m.c.i.embedder.EclipseLogger - Using platform encoding (Cp1252 actually) to copy filtered resources, i.e. build is platform dependent!
2022-04-25 08:45:45,527 [Worker-154: Building] INFO  o.e.m.c.i.embedder.EclipseLogger - skip non existing resourceDirectory C:\Users\sebae\Desktop\TUDAI\3º AÑO-2º CUATRIMESTRE\ARQUITECTURAS WEB\TPEntregables\Entregable1\src\main\resources
2022-04-25 08:45:45,540 [Worker-154: Building] WARN  o.e.m.c.i.embedder.EclipseLogger - Using platform encoding (Cp1252 actually) to copy filtered resources, i.e. build is platform dependent!
2022-04-25 08:45:45,542 [Worker-154: Building] INFO  o.e.m.c.i.embedder.EclipseLogger - skip non existing resourceDirectory C:\Users\sebae\Desktop\TUDAI\3º AÑO-2º CUATRIMESTRE\ARQUITECTURAS WEB\TPEntregables\Entregable1\src\test\resources
2022-04-25 08:46:47,595 [Worker-162: Building] WARN  o.e.m.c.i.embedder.EclipseLogger - Using platform encoding (Cp1252 actually) to copy filtered resources, i.e. build is platform dependent!
2022-04-25 08:46:47,597 [Worker-162: Building] INFO  o.e.m.c.i.embedder.EclipseLogger - skip non existing resourceDirectory C:\Users\sebae\Desktop\TUDAI\3º AÑO-2º CUATRIMESTRE\ARQUITECTURAS WEB\TPEntregables\Entregable1\src\main\resources
2022-04-25 08:46:47,598 [Worker-162: Building] WARN  o.e.m.c.i.embedder.EclipseLogger - Using platform encoding (Cp1252 actually) to copy filtered resources, i.e. build is platform dependent!
2022-04-25 08:46:47,599 [Worker-162: Building] INFO  o.e.m.c.i.embedder.EclipseLogger - skip non existing resourceDirectory C:\Users\sebae\Desktop\TUDAI\3º AÑO-2º CUATRIMESTRE\ARQUITECTURAS WEB\TPEntregables\Entregable1\src\test\resources
2022-04-25 08:58:37,643 [Worker-159: Building] WARN  o.e.m.c.i.embedder.EclipseLogger - Using platform encoding (Cp1252 actually) to copy filtered resources, i.e. build is platform dependent!
2022-04-25 08:58:37,645 [Worker-159: Building] INFO  o.e.m.c.i.embedder.EclipseLogger - skip non existing resourceDirectory C:\Users\sebae\Desktop\TUDAI\3º AÑO-2º CUATRIMESTRE\ARQUITECTURAS WEB\TPEntregables\Entregable1\src\main\resources
2022-04-25 08:58:37,647 [Worker-159: Building] WARN  o.e.m.c.i.embedder.EclipseLogger - Using platform encoding (Cp1252 actually) to copy filtered resources, i.e. build is platform dependent!
2022-04-25 08:58:37,649 [Worker-159: Building] INFO  o.e.m.c.i.embedder.EclipseLogger - skip non existing resourceDirectory C:\Users\sebae\Desktop\TUDAI\3º AÑO-2º CUATRIMESTRE\ARQUITECTURAS WEB\TPEntregables\Entregable1\src\test\resources
2022-04-25 09:19:20,584 [Worker-169: Building] WARN  o.e.m.c.i.embedder.EclipseLogger - Using platform encoding (Cp1252 actually) to copy filtered resources, i.e. build is platform dependent!
2022-04-25 09:19:20,778 [Worker-169: Building] INFO  o.e.m.c.i.embedder.EclipseLogger - skip non existing resourceDirectory C:\Users\sebae\Desktop\TUDAI\3º AÑO-2º CUATRIMESTRE\ARQUITECTURAS WEB\TPEntregables\Entregable1\src\main\resources
2022-04-25 09:19:20,845 [Worker-169: Building] WARN  o.e.m.c.i.embedder.EclipseLogger - Using platform encoding (Cp1252 actually) to copy filtered resources, i.e. build is platform dependent!
2022-04-25 09:19:20,850 [Worker-169: Building] INFO  o.e.m.c.i.embedder.EclipseLogger - skip non existing resourceDirectory C:\Users\sebae\Desktop\TUDAI\3º AÑO-2º CUATRIMESTRE\ARQUITECTURAS WEB\TPEntregables\Entregable1\src\test\resources
2022-04-25 09:33:04,488 [Worker-175: Building] WARN  o.e.m.c.i.embedder.EclipseLogger - Using platform encoding (Cp1252 actually) to copy filtered resources, i.e. build is platform dependent!
2022-04-25 09:33:04,490 [Worker-175: Building] INFO  o.e.m.c.i.embedder.EclipseLogger - skip non existing resourceDirectory C:\Users\sebae\Desktop\TUDAI\3º AÑO-2º CUATRIMESTRE\ARQUITECTURAS WEB\TPEntregables\Entregable1\src\main\resources
2022-04-25 09:33:04,492 [Worker-175: Building] WARN  o.e.m.c.i.embedder.EclipseLogger - Using platform encoding (Cp1252 actually) to copy filtered resources, i.e. build is platform dependent!
2022-04-25 09:33:04,494 [Worker-175: Building] INFO  o.e.m.c.i.embedder.EclipseLogger - skip non existing resourceDirectory C:\Users\sebae\Desktop\TUDAI\3º AÑO-2º CUATRIMESTRE\ARQUITECTURAS WEB\TPEntregables\Entregable1\src\test\resources
2022-04-25 10:01:44,856 [Worker-182: Building] WARN  o.e.m.c.i.embedder.EclipseLogger - Using platform encoding (Cp1252 actually) to copy filtered resources, i.e. build is platform dependent!
2022-04-25 10:01:44,880 [Worker-182: Building] INFO  o.e.m.c.i.embedder.EclipseLogger - skip non existing resourceDirectory C:\Users\sebae\Desktop\TUDAI\3º AÑO-2º CUATRIMESTRE\ARQUITECTURAS WEB\TPEntregables\Entregable1\src\main\resources
2022-04-25 10:01:44,881 [Worker-182: Building] WARN  o.e.m.c.i.embedder.EclipseLogger - Using platform encoding (Cp1252 actually) to copy filtered resources, i.e. build is platform dependent!
2022-04-25 10:01:44,883 [Worker-182: Building] INFO  o.e.m.c.i.embedder.EclipseLogger - skip non existing resourceDirectory C:\Users\sebae\Desktop\TUDAI\3º AÑO-2º CUATRIMESTRE\ARQUITECTURAS WEB\TPEntregables\Entregable1\src\test\resources
2022-04-25 10:24:09,914 [Worker-190: Building] WARN  o.e.m.c.i.embedder.EclipseLogger - Using platform encoding (Cp1252 actually) to copy filtered resources, i.e. build is platform dependent!
2022-04-25 10:24:09,918 [Worker-190: Building] INFO  o.e.m.c.i.embedder.EclipseLogger - skip non existing resourceDirectory C:\Users\sebae\Desktop\TUDAI\3º AÑO-2º CUATRIMESTRE\ARQUITECTURAS WEB\TPEntregables\Entregable1\src\main\resources
2022-04-25 10:24:09,920 [Worker-190: Building] WARN  o.e.m.c.i.embedder.EclipseLogger - Using platform encoding (Cp1252 actually) to copy filtered resources, i.e. build is platform dependent!
2022-04-25 10:24:09,923 [Worker-190: Building] INFO  o.e.m.c.i.embedder.EclipseLogger - skip non existing resourceDirectory C:\Users\sebae\Desktop\TUDAI\3º AÑO-2º CUATRIMESTRE\ARQUITECTURAS WEB\TPEntregables\Entregable1\src\test\resources
2022-04-25 12:07:56,831 [Worker-196: Building] WARN  o.e.m.c.i.embedder.EclipseLogger - Using platform encoding (Cp1252 actually) to copy filtered resources, i.e. build is platform dependent!
2022-04-25 12:07:57,072 [Worker-196: Building] INFO  o.e.m.c.i.embedder.EclipseLogger - skip non existing resourceDirectory C:\Users\sebae\Desktop\TUDAI\3º AÑO-2º CUATRIMESTRE\ARQUITECTURAS WEB\TPEntregables\Entregable1\src\main\resources
2022-04-25 12:07:57,132 [Worker-196: Building] WARN  o.e.m.c.i.embedder.EclipseLogger - Using platform encoding (Cp1252 actually) to copy filtered resources, i.e. build is platform dependent!
2022-04-25 12:07:57,134 [Worker-196: Building] INFO  o.e.m.c.i.embedder.EclipseLogger - skip non existing resourceDirectory C:\Users\sebae\Desktop\TUDAI\3º AÑO-2º CUATRIMESTRE\ARQUITECTURAS WEB\TPEntregables\Entregable1\src\test\resources
2022-04-25 12:09:27,512 [Worker-200: Building] WARN  o.e.m.c.i.embedder.EclipseLogger - Using platform encoding (Cp1252 actually) to copy filtered resources, i.e. build is platform dependent!
2022-04-25 12:09:27,515 [Worker-200: Building] INFO  o.e.m.c.i.embedder.EclipseLogger - skip non existing resourceDirectory C:\Users\sebae\Desktop\TUDAI\3º AÑO-2º CUATRIMESTRE\ARQUITECTURAS WEB\TPEntregables\Entregable1\src\main\resources
2022-04-25 12:09:27,516 [Worker-200: Building] WARN  o.e.m.c.i.embedder.EclipseLogger - Using platform encoding (Cp1252 actually) to copy filtered resources, i.e. build is platform dependent!
2022-04-25 12:09:27,518 [Worker-200: Building] INFO  o.e.m.c.i.embedder.EclipseLogger - skip non existing resourceDirectory C:\Users\sebae\Desktop\TUDAI\3º AÑO-2º CUATRIMESTRE\ARQUITECTURAS WEB\TPEntregables\Entregable1\src\test\resources
2022-04-25 12:14:00,307 [Worker-201: Building] WARN  o.e.m.c.i.embedder.EclipseLogger - Using platform encoding (Cp1252 actually) to copy filtered resources, i.e. build is platform dependent!
2022-04-25 12:14:00,309 [Worker-201: Building] INFO  o.e.m.c.i.embedder.EclipseLogger - skip non existing resourceDirectory C:\Users\sebae\Desktop\TUDAI\3º AÑO-2º CUATRIMESTRE\ARQUITECTURAS WEB\TPEntregables\Entregable1\src\main\resources
2022-04-25 12:14:00,312 [Worker-201: Building] WARN  o.e.m.c.i.embedder.EclipseLogger - Using platform encoding (Cp1252 actually) to copy filtered resources, i.e. build is platform dependent!
2022-04-25 12:14:00,314 [Worker-201: Building] INFO  o.e.m.c.i.embedder.EclipseLogger - skip non existing resourceDirectory C:\Users\sebae\Desktop\TUDAI\3º AÑO-2º CUATRIMESTRE\ARQUITECTURAS WEB\TPEntregables\Entregable1\src\test\resources
2022-04-25 12:15:07,796 [Worker-196: Building] WARN  o.e.m.c.i.embedder.EclipseLogger - Using platform encoding (Cp1252 actually) to copy filtered resources, i.e. build is platform dependent!
2022-04-25 12:15:07,799 [Worker-196: Building] INFO  o.e.m.c.i.embedder.EclipseLogger - skip non existing resourceDirectory C:\Users\sebae\Desktop\TUDAI\3º AÑO-2º CUATRIMESTRE\ARQUITECTURAS WEB\TPEntregables\Entregable1\src\main\resources
